<?xml version="1.0" encoding="UTF-8"?>
<testsuite xmlns:xsi="http://www.w3.org/2001/XMLSchema-instance" xsi:noNamespaceSchemaLocation="https://maven.apache.org/surefire/maven-surefire-plugin/xsd/surefire-test-report-3.0.xsd" version="3.0" name="com.keyin.ApplicationTests" time="2.259" tests="1" errors="0" skipped="0" failures="0">
  <properties>
    <property name="java.specification.version" value="22"/>
    <property name="sun.jnu.encoding" value="UTF-8"/>
    <property name="java.class.path" value="/Users/anzhelikakuchma/Desktop/s4-final-search_engine-backend/target/test-classes:/Users/anzhelikakuchma/Desktop/s4-final-search_engine-backend/target/classes:/Users/anzhelikakuchma/.m2/repository/org/springframework/boot/spring-boot-starter-web/3.2.4/spring-boot-starter-web-3.2.4.jar:/Users/anzhelikakuchma/.m2/repository/org/springframework/boot/spring-boot-starter/3.2.4/spring-boot-starter-3.2.4.jar:/Users/anzhelikakuchma/.m2/repository/org/springframework/boot/spring-boot/3.2.4/spring-boot-3.2.4.jar:/Users/anzhelikakuchma/.m2/repository/org/springframework/boot/spring-boot-autoconfigure/3.2.4/spring-boot-autoconfigure-3.2.4.jar:/Users/anzhelikakuchma/.m2/repository/org/springframework/boot/spring-boot-starter-logging/3.2.4/spring-boot-starter-logging-3.2.4.jar:/Users/anzhelikakuchma/.m2/repository/ch/qos/logback/logback-classic/1.4.14/logback-classic-1.4.14.jar:/Users/anzhelikakuchma/.m2/repository/ch/qos/logback/logback-core/1.4.14/logback-core-1.4.14.jar:/Users/anzhelikakuchma/.m2/repository/org/apache/logging/log4j/log4j-to-slf4j/2.21.1/log4j-to-slf4j-2.21.1.jar:/Users/anzhelikakuchma/.m2/repository/org/apache/logging/log4j/log4j-api/2.21.1/log4j-api-2.21.1.jar:/Users/anzhelikakuchma/.m2/repository/org/slf4j/jul-to-slf4j/2.0.12/jul-to-slf4j-2.0.12.jar:/Users/anzhelikakuchma/.m2/repository/jakarta/annotation/jakarta.annotation-api/2.1.1/jakarta.annotation-api-2.1.1.jar:/Users/anzhelikakuchma/.m2/repository/org/yaml/snakeyaml/2.2/snakeyaml-2.2.jar:/Users/anzhelikakuchma/.m2/repository/org/springframework/boot/spring-boot-starter-json/3.2.4/spring-boot-starter-json-3.2.4.jar:/Users/anzhelikakuchma/.m2/repository/com/fasterxml/jackson/core/jackson-databind/2.15.4/jackson-databind-2.15.4.jar:/Users/anzhelikakuchma/.m2/repository/com/fasterxml/jackson/core/jackson-annotations/2.15.4/jackson-annotations-2.15.4.jar:/Users/anzhelikakuchma/.m2/repository/com/fasterxml/jackson/core/jackson-core/2.15.4/jackson-core-2.15.4.jar:/Users/anzhelikakuchma/.m2/repository/com/fasterxml/jackson/datatype/jackson-datatype-jdk8/2.15.4/jackson-datatype-jdk8-2.15.4.jar:/Users/anzhelikakuchma/.m2/repository/com/fasterxml/jackson/datatype/jackson-datatype-jsr310/2.15.4/jackson-datatype-jsr310-2.15.4.jar:/Users/anzhelikakuchma/.m2/repository/com/fasterxml/jackson/module/jackson-module-parameter-names/2.15.4/jackson-module-parameter-names-2.15.4.jar:/Users/anzhelikakuchma/.m2/repository/org/springframework/boot/spring-boot-starter-tomcat/3.2.4/spring-boot-starter-tomcat-3.2.4.jar:/Users/anzhelikakuchma/.m2/repository/org/apache/tomcat/embed/tomcat-embed-core/10.1.19/tomcat-embed-core-10.1.19.jar:/Users/anzhelikakuchma/.m2/repository/org/apache/tomcat/embed/tomcat-embed-el/10.1.19/tomcat-embed-el-10.1.19.jar:/Users/anzhelikakuchma/.m2/repository/org/apache/tomcat/embed/tomcat-embed-websocket/10.1.19/tomcat-embed-websocket-10.1.19.jar:/Users/anzhelikakuchma/.m2/repository/org/springframework/spring-web/6.1.5/spring-web-6.1.5.jar:/Users/anzhelikakuchma/.m2/repository/org/springframework/spring-beans/6.1.5/spring-beans-6.1.5.jar:/Users/anzhelikakuchma/.m2/repository/io/micrometer/micrometer-observation/1.12.4/micrometer-observation-1.12.4.jar:/Users/anzhelikakuchma/.m2/repository/io/micrometer/micrometer-commons/1.12.4/micrometer-commons-1.12.4.jar:/Users/anzhelikakuchma/.m2/repository/org/springframework/spring-webmvc/6.1.5/spring-webmvc-6.1.5.jar:/Users/anzhelikakuchma/.m2/repository/org/springframework/spring-context/6.1.5/spring-context-6.1.5.jar:/Users/anzhelikakuchma/.m2/repository/org/springframework/spring-expression/6.1.5/spring-expression-6.1.5.jar:/Users/anzhelikakuchma/.m2/repository/org/springframework/boot/spring-boot-starter-test/3.2.4/spring-boot-starter-test-3.2.4.jar:/Users/anzhelikakuchma/.m2/repository/org/springframework/boot/spring-boot-test/3.2.4/spring-boot-test-3.2.4.jar:/Users/anzhelikakuchma/.m2/repository/org/springframework/boot/spring-boot-test-autoconfigure/3.2.4/spring-boot-test-autoconfigure-3.2.4.jar:/Users/anzhelikakuchma/.m2/repository/com/jayway/jsonpath/json-path/2.9.0/json-path-2.9.0.jar:/Users/anzhelikakuchma/.m2/repository/org/slf4j/slf4j-api/2.0.12/slf4j-api-2.0.12.jar:/Users/anzhelikakuchma/.m2/repository/jakarta/xml/bind/jakarta.xml.bind-api/4.0.2/jakarta.xml.bind-api-4.0.2.jar:/Users/anzhelikakuchma/.m2/repository/jakarta/activation/jakarta.activation-api/2.1.3/jakarta.activation-api-2.1.3.jar:/Users/anzhelikakuchma/.m2/repository/net/minidev/json-smart/2.5.0/json-smart-2.5.0.jar:/Users/anzhelikakuchma/.m2/repository/net/minidev/accessors-smart/2.5.0/accessors-smart-2.5.0.jar:/Users/anzhelikakuchma/.m2/repository/org/ow2/asm/asm/9.3/asm-9.3.jar:/Users/anzhelikakuchma/.m2/repository/org/assertj/assertj-core/3.24.2/assertj-core-3.24.2.jar:/Users/anzhelikakuchma/.m2/repository/net/bytebuddy/byte-buddy/1.14.12/byte-buddy-1.14.12.jar:/Users/anzhelikakuchma/.m2/repository/org/awaitility/awaitility/4.2.0/awaitility-4.2.0.jar:/Users/anzhelikakuchma/.m2/repository/org/hamcrest/hamcrest/2.2/hamcrest-2.2.jar:/Users/anzhelikakuchma/.m2/repository/org/junit/jupiter/junit-jupiter/5.10.2/junit-jupiter-5.10.2.jar:/Users/anzhelikakuchma/.m2/repository/org/junit/jupiter/junit-jupiter-api/5.10.2/junit-jupiter-api-5.10.2.jar:/Users/anzhelikakuchma/.m2/repository/org/opentest4j/opentest4j/1.3.0/opentest4j-1.3.0.jar:/Users/anzhelikakuchma/.m2/repository/org/junit/platform/junit-platform-commons/1.10.2/junit-platform-commons-1.10.2.jar:/Users/anzhelikakuchma/.m2/repository/org/apiguardian/apiguardian-api/1.1.2/apiguardian-api-1.1.2.jar:/Users/anzhelikakuchma/.m2/repository/org/junit/jupiter/junit-jupiter-params/5.10.2/junit-jupiter-params-5.10.2.jar:/Users/anzhelikakuchma/.m2/repository/org/junit/jupiter/junit-jupiter-engine/5.10.2/junit-jupiter-engine-5.10.2.jar:/Users/anzhelikakuchma/.m2/repository/org/junit/platform/junit-platform-engine/1.10.2/junit-platform-engine-1.10.2.jar:/Users/anzhelikakuchma/.m2/repository/org/mockito/mockito-core/5.7.0/mockito-core-5.7.0.jar:/Users/anzhelikakuchma/.m2/repository/net/bytebuddy/byte-buddy-agent/1.14.12/byte-buddy-agent-1.14.12.jar:/Users/anzhelikakuchma/.m2/repository/org/objenesis/objenesis/3.3/objenesis-3.3.jar:/Users/anzhelikakuchma/.m2/repository/org/mockito/mockito-junit-jupiter/5.7.0/mockito-junit-jupiter-5.7.0.jar:/Users/anzhelikakuchma/.m2/repository/org/skyscreamer/jsonassert/1.5.1/jsonassert-1.5.1.jar:/Users/anzhelikakuchma/.m2/repository/com/vaadin/external/google/android-json/0.0.20131108.vaadin1/android-json-0.0.20131108.vaadin1.jar:/Users/anzhelikakuchma/.m2/repository/org/springframework/spring-core/6.1.5/spring-core-6.1.5.jar:/Users/anzhelikakuchma/.m2/repository/org/springframework/spring-jcl/6.1.5/spring-jcl-6.1.5.jar:/Users/anzhelikakuchma/.m2/repository/org/springframework/spring-test/6.1.5/spring-test-6.1.5.jar:/Users/anzhelikakuchma/.m2/repository/org/xmlunit/xmlunit-core/2.9.1/xmlunit-core-2.9.1.jar:/Users/anzhelikakuchma/.m2/repository/org/springframework/boot/spring-boot-starter-data-jpa/3.2.4/spring-boot-starter-data-jpa-3.2.4.jar:/Users/anzhelikakuchma/.m2/repository/org/springframework/boot/spring-boot-starter-aop/3.2.4/spring-boot-starter-aop-3.2.4.jar:/Users/anzhelikakuchma/.m2/repository/org/aspectj/aspectjweaver/1.9.21/aspectjweaver-1.9.21.jar:/Users/anzhelikakuchma/.m2/repository/org/springframework/boot/spring-boot-starter-jdbc/3.2.4/spring-boot-starter-jdbc-3.2.4.jar:/Users/anzhelikakuchma/.m2/repository/com/zaxxer/HikariCP/5.0.1/HikariCP-5.0.1.jar:/Users/anzhelikakuchma/.m2/repository/org/springframework/spring-jdbc/6.1.5/spring-jdbc-6.1.5.jar:/Users/anzhelikakuchma/.m2/repository/org/hibernate/orm/hibernate-core/6.4.4.Final/hibernate-core-6.4.4.Final.jar:/Users/anzhelikakuchma/.m2/repository/jakarta/persistence/jakarta.persistence-api/3.1.0/jakarta.persistence-api-3.1.0.jar:/Users/anzhelikakuchma/.m2/repository/jakarta/transaction/jakarta.transaction-api/2.0.1/jakarta.transaction-api-2.0.1.jar:/Users/anzhelikakuchma/.m2/repository/org/jboss/logging/jboss-logging/3.5.3.Final/jboss-logging-3.5.3.Final.jar:/Users/anzhelikakuchma/.m2/repository/org/hibernate/common/hibernate-commons-annotations/6.0.6.Final/hibernate-commons-annotations-6.0.6.Final.jar:/Users/anzhelikakuchma/.m2/repository/io/smallrye/jandex/3.1.2/jandex-3.1.2.jar:/Users/anzhelikakuchma/.m2/repository/com/fasterxml/classmate/1.6.0/classmate-1.6.0.jar:/Users/anzhelikakuchma/.m2/repository/org/glassfish/jaxb/jaxb-runtime/4.0.5/jaxb-runtime-4.0.5.jar:/Users/anzhelikakuchma/.m2/repository/org/glassfish/jaxb/jaxb-core/4.0.5/jaxb-core-4.0.5.jar:/Users/anzhelikakuchma/.m2/repository/org/eclipse/angus/angus-activation/2.0.2/angus-activation-2.0.2.jar:/Users/anzhelikakuchma/.m2/repository/org/glassfish/jaxb/txw2/4.0.5/txw2-4.0.5.jar:/Users/anzhelikakuchma/.m2/repository/com/sun/istack/istack-commons-runtime/4.1.2/istack-commons-runtime-4.1.2.jar:/Users/anzhelikakuchma/.m2/repository/jakarta/inject/jakarta.inject-api/2.0.1/jakarta.inject-api-2.0.1.jar:/Users/anzhelikakuchma/.m2/repository/org/antlr/antlr4-runtime/4.13.0/antlr4-runtime-4.13.0.jar:/Users/anzhelikakuchma/.m2/repository/org/springframework/data/spring-data-jpa/3.2.4/spring-data-jpa-3.2.4.jar:/Users/anzhelikakuchma/.m2/repository/org/springframework/data/spring-data-commons/3.2.4/spring-data-commons-3.2.4.jar:/Users/anzhelikakuchma/.m2/repository/org/springframework/spring-orm/6.1.5/spring-orm-6.1.5.jar:/Users/anzhelikakuchma/.m2/repository/org/springframework/spring-tx/6.1.5/spring-tx-6.1.5.jar:/Users/anzhelikakuchma/.m2/repository/org/springframework/spring-aspects/6.1.5/spring-aspects-6.1.5.jar:/Users/anzhelikakuchma/.m2/repository/org/postgresql/postgresql/42.6.2/postgresql-42.6.2.jar:/Users/anzhelikakuchma/.m2/repository/org/checkerframework/checker-qual/3.31.0/checker-qual-3.31.0.jar:/Users/anzhelikakuchma/.m2/repository/org/springframework/boot/spring-boot-starter-security/3.2.4/spring-boot-starter-security-3.2.4.jar:/Users/anzhelikakuchma/.m2/repository/org/springframework/spring-aop/6.1.5/spring-aop-6.1.5.jar:/Users/anzhelikakuchma/.m2/repository/org/springframework/security/spring-security-config/6.2.3/spring-security-config-6.2.3.jar:/Users/anzhelikakuchma/.m2/repository/org/springframework/security/spring-security-web/6.2.3/spring-security-web-6.2.3.jar:/Users/anzhelikakuchma/.m2/repository/org/springframework/security/spring-security-test/6.2.3/spring-security-test-6.2.3.jar:/Users/anzhelikakuchma/.m2/repository/org/springframework/security/spring-security-core/6.2.3/spring-security-core-6.2.3.jar:/Users/anzhelikakuchma/.m2/repository/org/springframework/security/spring-security-crypto/6.2.3/spring-security-crypto-6.2.3.jar:"/>
    <property name="java.vm.vendor" value="Oracle Corporation"/>
    <property name="sun.arch.data.model" value="64"/>
    <property name="java.vendor.url" value="https://java.oracle.com/"/>
    <property name="user.timezone" value="America/St_Johns"/>
    <property name="org.jboss.logging.provider" value="slf4j"/>
    <property name="os.name" value="Mac OS X"/>
    <property name="java.vm.specification.version" value="22"/>
    <property name="sun.java.launcher" value="SUN_STANDARD"/>
    <property name="user.country" value="CA"/>
    <property name="sun.boot.library.path" value="/Users/anzhelikakuchma/Library/Java/JavaVirtualMachines/openjdk-22.0.1/Contents/Home/lib"/>
    <property name="sun.java.command" value="/Users/anzhelikakuchma/Desktop/s4-final-search_engine-backend/target/surefire/surefirebooter-20240811145123745_3.jar /Users/anzhelikakuchma/Desktop/s4-final-search_engine-backend/target/surefire 2024-08-11T14-51-22_330-jvmRun1 surefire-20240811145123745_1tmp surefire_0-20240811145123745_2tmp"/>
    <property name="http.nonProxyHosts" value="local|*.local|169.254/16|*.169.254/16"/>
    <property name="jdk.debug" value="release"/>
    <property name="surefire.test.class.path" value="/Users/anzhelikakuchma/Desktop/s4-final-search_engine-backend/target/test-classes:/Users/anzhelikakuchma/Desktop/s4-final-search_engine-backend/target/classes:/Users/anzhelikakuchma/.m2/repository/org/springframework/boot/spring-boot-starter-web/3.2.4/spring-boot-starter-web-3.2.4.jar:/Users/anzhelikakuchma/.m2/repository/org/springframework/boot/spring-boot-starter/3.2.4/spring-boot-starter-3.2.4.jar:/Users/anzhelikakuchma/.m2/repository/org/springframework/boot/spring-boot/3.2.4/spring-boot-3.2.4.jar:/Users/anzhelikakuchma/.m2/repository/org/springframework/boot/spring-boot-autoconfigure/3.2.4/spring-boot-autoconfigure-3.2.4.jar:/Users/anzhelikakuchma/.m2/repository/org/springframework/boot/spring-boot-starter-logging/3.2.4/spring-boot-starter-logging-3.2.4.jar:/Users/anzhelikakuchma/.m2/repository/ch/qos/logback/logback-classic/1.4.14/logback-classic-1.4.14.jar:/Users/anzhelikakuchma/.m2/repository/ch/qos/logback/logback-core/1.4.14/logback-core-1.4.14.jar:/Users/anzhelikakuchma/.m2/repository/org/apache/logging/log4j/log4j-to-slf4j/2.21.1/log4j-to-slf4j-2.21.1.jar:/Users/anzhelikakuchma/.m2/repository/org/apache/logging/log4j/log4j-api/2.21.1/log4j-api-2.21.1.jar:/Users/anzhelikakuchma/.m2/repository/org/slf4j/jul-to-slf4j/2.0.12/jul-to-slf4j-2.0.12.jar:/Users/anzhelikakuchma/.m2/repository/jakarta/annotation/jakarta.annotation-api/2.1.1/jakarta.annotation-api-2.1.1.jar:/Users/anzhelikakuchma/.m2/repository/org/yaml/snakeyaml/2.2/snakeyaml-2.2.jar:/Users/anzhelikakuchma/.m2/repository/org/springframework/boot/spring-boot-starter-json/3.2.4/spring-boot-starter-json-3.2.4.jar:/Users/anzhelikakuchma/.m2/repository/com/fasterxml/jackson/core/jackson-databind/2.15.4/jackson-databind-2.15.4.jar:/Users/anzhelikakuchma/.m2/repository/com/fasterxml/jackson/core/jackson-annotations/2.15.4/jackson-annotations-2.15.4.jar:/Users/anzhelikakuchma/.m2/repository/com/fasterxml/jackson/core/jackson-core/2.15.4/jackson-core-2.15.4.jar:/Users/anzhelikakuchma/.m2/repository/com/fasterxml/jackson/datatype/jackson-datatype-jdk8/2.15.4/jackson-datatype-jdk8-2.15.4.jar:/Users/anzhelikakuchma/.m2/repository/com/fasterxml/jackson/datatype/jackson-datatype-jsr310/2.15.4/jackson-datatype-jsr310-2.15.4.jar:/Users/anzhelikakuchma/.m2/repository/com/fasterxml/jackson/module/jackson-module-parameter-names/2.15.4/jackson-module-parameter-names-2.15.4.jar:/Users/anzhelikakuchma/.m2/repository/org/springframework/boot/spring-boot-starter-tomcat/3.2.4/spring-boot-starter-tomcat-3.2.4.jar:/Users/anzhelikakuchma/.m2/repository/org/apache/tomcat/embed/tomcat-embed-core/10.1.19/tomcat-embed-core-10.1.19.jar:/Users/anzhelikakuchma/.m2/repository/org/apache/tomcat/embed/tomcat-embed-el/10.1.19/tomcat-embed-el-10.1.19.jar:/Users/anzhelikakuchma/.m2/repository/org/apache/tomcat/embed/tomcat-embed-websocket/10.1.19/tomcat-embed-websocket-10.1.19.jar:/Users/anzhelikakuchma/.m2/repository/org/springframework/spring-web/6.1.5/spring-web-6.1.5.jar:/Users/anzhelikakuchma/.m2/repository/org/springframework/spring-beans/6.1.5/spring-beans-6.1.5.jar:/Users/anzhelikakuchma/.m2/repository/io/micrometer/micrometer-observation/1.12.4/micrometer-observation-1.12.4.jar:/Users/anzhelikakuchma/.m2/repository/io/micrometer/micrometer-commons/1.12.4/micrometer-commons-1.12.4.jar:/Users/anzhelikakuchma/.m2/repository/org/springframework/spring-webmvc/6.1.5/spring-webmvc-6.1.5.jar:/Users/anzhelikakuchma/.m2/repository/org/springframework/spring-context/6.1.5/spring-context-6.1.5.jar:/Users/anzhelikakuchma/.m2/repository/org/springframework/spring-expression/6.1.5/spring-expression-6.1.5.jar:/Users/anzhelikakuchma/.m2/repository/org/springframework/boot/spring-boot-starter-test/3.2.4/spring-boot-starter-test-3.2.4.jar:/Users/anzhelikakuchma/.m2/repository/org/springframework/boot/spring-boot-test/3.2.4/spring-boot-test-3.2.4.jar:/Users/anzhelikakuchma/.m2/repository/org/springframework/boot/spring-boot-test-autoconfigure/3.2.4/spring-boot-test-autoconfigure-3.2.4.jar:/Users/anzhelikakuchma/.m2/repository/com/jayway/jsonpath/json-path/2.9.0/json-path-2.9.0.jar:/Users/anzhelikakuchma/.m2/repository/org/slf4j/slf4j-api/2.0.12/slf4j-api-2.0.12.jar:/Users/anzhelikakuchma/.m2/repository/jakarta/xml/bind/jakarta.xml.bind-api/4.0.2/jakarta.xml.bind-api-4.0.2.jar:/Users/anzhelikakuchma/.m2/repository/jakarta/activation/jakarta.activation-api/2.1.3/jakarta.activation-api-2.1.3.jar:/Users/anzhelikakuchma/.m2/repository/net/minidev/json-smart/2.5.0/json-smart-2.5.0.jar:/Users/anzhelikakuchma/.m2/repository/net/minidev/accessors-smart/2.5.0/accessors-smart-2.5.0.jar:/Users/anzhelikakuchma/.m2/repository/org/ow2/asm/asm/9.3/asm-9.3.jar:/Users/anzhelikakuchma/.m2/repository/org/assertj/assertj-core/3.24.2/assertj-core-3.24.2.jar:/Users/anzhelikakuchma/.m2/repository/net/bytebuddy/byte-buddy/1.14.12/byte-buddy-1.14.12.jar:/Users/anzhelikakuchma/.m2/repository/org/awaitility/awaitility/4.2.0/awaitility-4.2.0.jar:/Users/anzhelikakuchma/.m2/repository/org/hamcrest/hamcrest/2.2/hamcrest-2.2.jar:/Users/anzhelikakuchma/.m2/repository/org/junit/jupiter/junit-jupiter/5.10.2/junit-jupiter-5.10.2.jar:/Users/anzhelikakuchma/.m2/repository/org/junit/jupiter/junit-jupiter-api/5.10.2/junit-jupiter-api-5.10.2.jar:/Users/anzhelikakuchma/.m2/repository/org/opentest4j/opentest4j/1.3.0/opentest4j-1.3.0.jar:/Users/anzhelikakuchma/.m2/repository/org/junit/platform/junit-platform-commons/1.10.2/junit-platform-commons-1.10.2.jar:/Users/anzhelikakuchma/.m2/repository/org/apiguardian/apiguardian-api/1.1.2/apiguardian-api-1.1.2.jar:/Users/anzhelikakuchma/.m2/repository/org/junit/jupiter/junit-jupiter-params/5.10.2/junit-jupiter-params-5.10.2.jar:/Users/anzhelikakuchma/.m2/repository/org/junit/jupiter/junit-jupiter-engine/5.10.2/junit-jupiter-engine-5.10.2.jar:/Users/anzhelikakuchma/.m2/repository/org/junit/platform/junit-platform-engine/1.10.2/junit-platform-engine-1.10.2.jar:/Users/anzhelikakuchma/.m2/repository/org/mockito/mockito-core/5.7.0/mockito-core-5.7.0.jar:/Users/anzhelikakuchma/.m2/repository/net/bytebuddy/byte-buddy-agent/1.14.12/byte-buddy-agent-1.14.12.jar:/Users/anzhelikakuchma/.m2/repository/org/objenesis/objenesis/3.3/objenesis-3.3.jar:/Users/anzhelikakuchma/.m2/repository/org/mockito/mockito-junit-jupiter/5.7.0/mockito-junit-jupiter-5.7.0.jar:/Users/anzhelikakuchma/.m2/repository/org/skyscreamer/jsonassert/1.5.1/jsonassert-1.5.1.jar:/Users/anzhelikakuchma/.m2/repository/com/vaadin/external/google/android-json/0.0.20131108.vaadin1/android-json-0.0.20131108.vaadin1.jar:/Users/anzhelikakuchma/.m2/repository/org/springframework/spring-core/6.1.5/spring-core-6.1.5.jar:/Users/anzhelikakuchma/.m2/repository/org/springframework/spring-jcl/6.1.5/spring-jcl-6.1.5.jar:/Users/anzhelikakuchma/.m2/repository/org/springframework/spring-test/6.1.5/spring-test-6.1.5.jar:/Users/anzhelikakuchma/.m2/repository/org/xmlunit/xmlunit-core/2.9.1/xmlunit-core-2.9.1.jar:/Users/anzhelikakuchma/.m2/repository/org/springframework/boot/spring-boot-starter-data-jpa/3.2.4/spring-boot-starter-data-jpa-3.2.4.jar:/Users/anzhelikakuchma/.m2/repository/org/springframework/boot/spring-boot-starter-aop/3.2.4/spring-boot-starter-aop-3.2.4.jar:/Users/anzhelikakuchma/.m2/repository/org/aspectj/aspectjweaver/1.9.21/aspectjweaver-1.9.21.jar:/Users/anzhelikakuchma/.m2/repository/org/springframework/boot/spring-boot-starter-jdbc/3.2.4/spring-boot-starter-jdbc-3.2.4.jar:/Users/anzhelikakuchma/.m2/repository/com/zaxxer/HikariCP/5.0.1/HikariCP-5.0.1.jar:/Users/anzhelikakuchma/.m2/repository/org/springframework/spring-jdbc/6.1.5/spring-jdbc-6.1.5.jar:/Users/anzhelikakuchma/.m2/repository/org/hibernate/orm/hibernate-core/6.4.4.Final/hibernate-core-6.4.4.Final.jar:/Users/anzhelikakuchma/.m2/repository/jakarta/persistence/jakarta.persistence-api/3.1.0/jakarta.persistence-api-3.1.0.jar:/Users/anzhelikakuchma/.m2/repository/jakarta/transaction/jakarta.transaction-api/2.0.1/jakarta.transaction-api-2.0.1.jar:/Users/anzhelikakuchma/.m2/repository/org/jboss/logging/jboss-logging/3.5.3.Final/jboss-logging-3.5.3.Final.jar:/Users/anzhelikakuchma/.m2/repository/org/hibernate/common/hibernate-commons-annotations/6.0.6.Final/hibernate-commons-annotations-6.0.6.Final.jar:/Users/anzhelikakuchma/.m2/repository/io/smallrye/jandex/3.1.2/jandex-3.1.2.jar:/Users/anzhelikakuchma/.m2/repository/com/fasterxml/classmate/1.6.0/classmate-1.6.0.jar:/Users/anzhelikakuchma/.m2/repository/org/glassfish/jaxb/jaxb-runtime/4.0.5/jaxb-runtime-4.0.5.jar:/Users/anzhelikakuchma/.m2/repository/org/glassfish/jaxb/jaxb-core/4.0.5/jaxb-core-4.0.5.jar:/Users/anzhelikakuchma/.m2/repository/org/eclipse/angus/angus-activation/2.0.2/angus-activation-2.0.2.jar:/Users/anzhelikakuchma/.m2/repository/org/glassfish/jaxb/txw2/4.0.5/txw2-4.0.5.jar:/Users/anzhelikakuchma/.m2/repository/com/sun/istack/istack-commons-runtime/4.1.2/istack-commons-runtime-4.1.2.jar:/Users/anzhelikakuchma/.m2/repository/jakarta/inject/jakarta.inject-api/2.0.1/jakarta.inject-api-2.0.1.jar:/Users/anzhelikakuchma/.m2/repository/org/antlr/antlr4-runtime/4.13.0/antlr4-runtime-4.13.0.jar:/Users/anzhelikakuchma/.m2/repository/org/springframework/data/spring-data-jpa/3.2.4/spring-data-jpa-3.2.4.jar:/Users/anzhelikakuchma/.m2/repository/org/springframework/data/spring-data-commons/3.2.4/spring-data-commons-3.2.4.jar:/Users/anzhelikakuchma/.m2/repository/org/springframework/spring-orm/6.1.5/spring-orm-6.1.5.jar:/Users/anzhelikakuchma/.m2/repository/org/springframework/spring-tx/6.1.5/spring-tx-6.1.5.jar:/Users/anzhelikakuchma/.m2/repository/org/springframework/spring-aspects/6.1.5/spring-aspects-6.1.5.jar:/Users/anzhelikakuchma/.m2/repository/org/postgresql/postgresql/42.6.2/postgresql-42.6.2.jar:/Users/anzhelikakuchma/.m2/repository/org/checkerframework/checker-qual/3.31.0/checker-qual-3.31.0.jar:/Users/anzhelikakuchma/.m2/repository/org/springframework/boot/spring-boot-starter-security/3.2.4/spring-boot-starter-security-3.2.4.jar:/Users/anzhelikakuchma/.m2/repository/org/springframework/spring-aop/6.1.5/spring-aop-6.1.5.jar:/Users/anzhelikakuchma/.m2/repository/org/springframework/security/spring-security-config/6.2.3/spring-security-config-6.2.3.jar:/Users/anzhelikakuchma/.m2/repository/org/springframework/security/spring-security-web/6.2.3/spring-security-web-6.2.3.jar:/Users/anzhelikakuchma/.m2/repository/org/springframework/security/spring-security-test/6.2.3/spring-security-test-6.2.3.jar:/Users/anzhelikakuchma/.m2/repository/org/springframework/security/spring-security-core/6.2.3/spring-security-core-6.2.3.jar:/Users/anzhelikakuchma/.m2/repository/org/springframework/security/spring-security-crypto/6.2.3/spring-security-crypto-6.2.3.jar:"/>
    <property name="sun.cpu.endian" value="little"/>
    <property name="user.home" value="/Users/anzhelikakuchma"/>
    <property name="user.language" value="en"/>
    <property name="java.specification.vendor" value="Oracle Corporation"/>
    <property name="java.version.date" value="2024-04-16"/>
    <property name="java.home" value="/Users/anzhelikakuchma/Library/Java/JavaVirtualMachines/openjdk-22.0.1/Contents/Home"/>
    <property name="file.separator" value="/"/>
    <property name="basedir" value="/Users/anzhelikakuchma/Desktop/s4-final-search_engine-backend"/>
    <property name="java.vm.compressedOopsMode" value="Zero based"/>
    <property name="line.separator" value="&#10;"/>
    <property name="java.vm.specification.vendor" value="Oracle Corporation"/>
    <property name="java.specification.name" value="Java Platform API Specification"/>
    <property name="FILE_LOG_CHARSET" value="UTF-8"/>
    <property name="java.awt.headless" value="true"/>
    <property name="apple.awt.application.name" value="ForkedBooter"/>
    <property name="surefire.real.class.path" value="/Users/anzhelikakuchma/Desktop/s4-final-search_engine-backend/target/surefire/surefirebooter-20240811145123745_3.jar"/>
    <property name="sun.management.compiler" value="HotSpot 64-Bit Tiered Compilers"/>
    <property name="ftp.nonProxyHosts" value="local|*.local|169.254/16|*.169.254/16"/>
    <property name="java.runtime.version" value="22.0.1+8-16"/>
    <property name="user.name" value="anzhelikakuchma"/>
    <property name="stdout.encoding" value="UTF-8"/>
    <property name="path.separator" value=":"/>
    <property name="os.version" value="14.2.1"/>
    <property name="java.runtime.name" value="OpenJDK Runtime Environment"/>
    <property name="file.encoding" value="UTF-8"/>
    <property name="java.vm.name" value="OpenJDK 64-Bit Server VM"/>
    <property name="localRepository" value="/Users/anzhelikakuchma/.m2/repository"/>
    <property name="java.vendor.url.bug" value="https://bugreport.java.com/bugreport/"/>
    <property name="java.io.tmpdir" value="/var/folders/t2/7jjs4lyn23l8z6qhcs8lx46m0000gn/T/"/>
    <property name="idea.version" value="2024.1.2"/>
    <property name="com.zaxxer.hikari.pool_number" value="1"/>
    <property name="java.version" value="22.0.1"/>
    <property name="user.dir" value="/Users/anzhelikakuchma/Desktop/s4-final-search_engine-backend"/>
    <property name="os.arch" value="aarch64"/>
    <property name="java.vm.specification.name" value="Java Virtual Machine Specification"/>
    <property name="PID" value="17594"/>
    <property name="CONSOLE_LOG_CHARSET" value="UTF-8"/>
    <property name="native.encoding" value="UTF-8"/>
    <property name="java.library.path" value="/Users/anzhelikakuchma/Library/Java/Extensions:/Library/Java/Extensions:/Network/Library/Java/Extensions:/System/Library/Java/Extensions:/usr/lib/java:."/>
    <property name="java.vm.info" value="mixed mode, sharing"/>
    <property name="stderr.encoding" value="UTF-8"/>
    <property name="java.vendor" value="Oracle Corporation"/>
    <property name="java.vm.version" value="22.0.1+8-16"/>
    <property name="sun.io.unicode.encoding" value="UnicodeBig"/>
    <property name="socksNonProxyHosts" value="local|*.local|169.254/16|*.169.254/16"/>
    <property name="java.class.version" value="66.0"/>
    <property name="LOGGED_APPLICATION_NAME" value="[s4-final-search_engine-backend] "/>
  </properties>
  <testcase name="contextLoads" classname="com.keyin.ApplicationTests" time="0.302">
    <system-out><![CDATA[14:51:24.117 [main] INFO org.springframework.test.context.support.AnnotationConfigContextLoaderUtils -- Could not detect default configuration classes for test class [com.keyin.ApplicationTests]: ApplicationTests does not declare any static, non-private, non-final, nested classes annotated with @Configuration.
14:51:24.156 [main] INFO org.springframework.boot.test.context.SpringBootTestContextBootstrapper -- Found @SpringBootConfiguration com.keyin.Application for test class com.keyin.ApplicationTests

  .   ____          _            __ _ _
 /\\ / ___'_ __ _ _(_)_ __  __ _ \ \ \ \
( ( )\___ | '_ | '_| | '_ \/ _` | \ \ \ \
 \\/  ___)| |_)| | | | | || (_| |  ) ) ) )
  '  |____| .__|_| |_|_| |_\__, | / / / /
 =========|_|==============|___/=/_/_/_/
&amp#27;[32m :: Spring Boot :: &amp#27;[39m              &amp#27;[2m (v3.2.4)&amp#27;[0;39m

&amp#27;[2m2024-08-11T14:51:24.341-02:30&amp#27;[0;39m &amp#27;[32m INFO&amp#27;[0;39m &amp#27;[35m17594&amp#27;[0;39m &amp#27;[2m---&amp#27;[0;39m &amp#27;[2m[s4-final-search_engine-backend] [           main]&amp#27;[0;39m &amp#27;[2m&amp#27;[0;39m&amp#27;[36mcom.keyin.ApplicationTests              &amp#27;[0;39m &amp#27;[2m:&amp#27;[0;39m Starting ApplicationTests using Java 22.0.1 with PID 17594 (started by anzhelikakuchma in /Users/anzhelikakuchma/Desktop/s4-final-search_engine-backend)
&amp#27;[2m2024-08-11T14:51:24.342-02:30&amp#27;[0;39m &amp#27;[32m INFO&amp#27;[0;39m &amp#27;[35m17594&amp#27;[0;39m &amp#27;[2m---&amp#27;[0;39m &amp#27;[2m[s4-final-search_engine-backend] [           main]&amp#27;[0;39m &amp#27;[2m&amp#27;[0;39m&amp#27;[36mcom.keyin.ApplicationTests              &amp#27;[0;39m &amp#27;[2m:&amp#27;[0;39m No active profile set, falling back to 1 default profile: "default"
&amp#27;[2m2024-08-11T14:51:24.606-02:30&amp#27;[0;39m &amp#27;[32m INFO&amp#27;[0;39m &amp#27;[35m17594&amp#27;[0;39m &amp#27;[2m---&amp#27;[0;39m &amp#27;[2m[s4-final-search_engine-backend] [           main]&amp#27;[0;39m &amp#27;[2m&amp#27;[0;39m&amp#27;[36m.s.d.r.c.RepositoryConfigurationDelegate&amp#27;[0;39m &amp#27;[2m:&amp#27;[0;39m Bootstrapping Spring Data JPA repositories in DEFAULT mode.
&amp#27;[2m2024-08-11T14:51:24.629-02:30&amp#27;[0;39m &amp#27;[32m INFO&amp#27;[0;39m &amp#27;[35m17594&amp#27;[0;39m &amp#27;[2m---&amp#27;[0;39m &amp#27;[2m[s4-final-search_engine-backend] [           main]&amp#27;[0;39m &amp#27;[2m&amp#27;[0;39m&amp#27;[36m.s.d.r.c.RepositoryConfigurationDelegate&amp#27;[0;39m &amp#27;[2m:&amp#27;[0;39m Finished Spring Data repository scanning in 19 ms. Found 4 JPA repository interfaces.
&amp#27;[2m2024-08-11T14:51:24.812-02:30&amp#27;[0;39m &amp#27;[32m INFO&amp#27;[0;39m &amp#27;[35m17594&amp#27;[0;39m &amp#27;[2m---&amp#27;[0;39m &amp#27;[2m[s4-final-search_engine-backend] [           main]&amp#27;[0;39m &amp#27;[2m&amp#27;[0;39m&amp#27;[36mo.hibernate.jpa.internal.util.LogHelper &amp#27;[0;39m &amp#27;[2m:&amp#27;[0;39m HHH000204: Processing PersistenceUnitInfo [name: default]
&amp#27;[2m2024-08-11T14:51:24.842-02:30&amp#27;[0;39m &amp#27;[32m INFO&amp#27;[0;39m &amp#27;[35m17594&amp#27;[0;39m &amp#27;[2m---&amp#27;[0;39m &amp#27;[2m[s4-final-search_engine-backend] [           main]&amp#27;[0;39m &amp#27;[2m&amp#27;[0;39m&amp#27;[36morg.hibernate.Version                   &amp#27;[0;39m &amp#27;[2m:&amp#27;[0;39m HHH000412: Hibernate ORM core version 6.4.4.Final
&amp#27;[2m2024-08-11T14:51:24.858-02:30&amp#27;[0;39m &amp#27;[32m INFO&amp#27;[0;39m &amp#27;[35m17594&amp#27;[0;39m &amp#27;[2m---&amp#27;[0;39m &amp#27;[2m[s4-final-search_engine-backend] [           main]&amp#27;[0;39m &amp#27;[2m&amp#27;[0;39m&amp#27;[36mo.h.c.internal.RegionFactoryInitiator   &amp#27;[0;39m &amp#27;[2m:&amp#27;[0;39m HHH000026: Second-level cache disabled
&amp#27;[2m2024-08-11T14:51:24.958-02:30&amp#27;[0;39m &amp#27;[32m INFO&amp#27;[0;39m &amp#27;[35m17594&amp#27;[0;39m &amp#27;[2m---&amp#27;[0;39m &amp#27;[2m[s4-final-search_engine-backend] [           main]&amp#27;[0;39m &amp#27;[2m&amp#27;[0;39m&amp#27;[36mo.s.o.j.p.SpringPersistenceUnitInfo     &amp#27;[0;39m &amp#27;[2m:&amp#27;[0;39m No LoadTimeWeaver setup: ignoring JPA class transformer
&amp#27;[2m2024-08-11T14:51:24.969-02:30&amp#27;[0;39m &amp#27;[32m INFO&amp#27;[0;39m &amp#27;[35m17594&amp#27;[0;39m &amp#27;[2m---&amp#27;[0;39m &amp#27;[2m[s4-final-search_engine-backend] [           main]&amp#27;[0;39m &amp#27;[2m&amp#27;[0;39m&amp#27;[36mcom.zaxxer.hikari.HikariDataSource      &amp#27;[0;39m &amp#27;[2m:&amp#27;[0;39m HikariPool-1 - Starting...
&amp#27;[2m2024-08-11T14:51:25.103-02:30&amp#27;[0;39m &amp#27;[32m INFO&amp#27;[0;39m &amp#27;[35m17594&amp#27;[0;39m &amp#27;[2m---&amp#27;[0;39m &amp#27;[2m[s4-final-search_engine-backend] [           main]&amp#27;[0;39m &amp#27;[2m&amp#27;[0;39m&amp#27;[36mcom.zaxxer.hikari.pool.HikariPool       &amp#27;[0;39m &amp#27;[2m:&amp#27;[0;39m HikariPool-1 - Added connection org.postgresql.jdbc.PgConnection@a457c2b
&amp#27;[2m2024-08-11T14:51:25.104-02:30&amp#27;[0;39m &amp#27;[32m INFO&amp#27;[0;39m &amp#27;[35m17594&amp#27;[0;39m &amp#27;[2m---&amp#27;[0;39m &amp#27;[2m[s4-final-search_engine-backend] [           main]&amp#27;[0;39m &amp#27;[2m&amp#27;[0;39m&amp#27;[36mcom.zaxxer.hikari.HikariDataSource      &amp#27;[0;39m &amp#27;[2m:&amp#27;[0;39m HikariPool-1 - Start completed.
&amp#27;[2m2024-08-11T14:51:25.502-02:30&amp#27;[0;39m &amp#27;[32m INFO&amp#27;[0;39m &amp#27;[35m17594&amp#27;[0;39m &amp#27;[2m---&amp#27;[0;39m &amp#27;[2m[s4-final-search_engine-backend] [           main]&amp#27;[0;39m &amp#27;[2m&amp#27;[0;39m&amp#27;[36mo.h.e.t.j.p.i.JtaPlatformInitiator      &amp#27;[0;39m &amp#27;[2m:&amp#27;[0;39m HHH000489: No JTA platform available (set 'hibernate.transaction.jta.platform' to enable JTA platform integration)
Hibernate: 
    alter table if exists account_keyword 
       drop constraint if exists account_keyword_account_fkey
&amp#27;[2m2024-08-11T14:51:25.511-02:30&amp#27;[0;39m &amp#27;[33m WARN&amp#27;[0;39m &amp#27;[35m17594&amp#27;[0;39m &amp#27;[2m---&amp#27;[0;39m &amp#27;[2m[s4-final-search_engine-backend] [           main]&amp#27;[0;39m &amp#27;[2m&amp#27;[0;39m&amp#27;[36mo.h.engine.jdbc.spi.SqlExceptionHelper  &amp#27;[0;39m &amp#27;[2m:&amp#27;[0;39m SQL Warning Code: 0, SQLState: 00000
&amp#27;[2m2024-08-11T14:51:25.511-02:30&amp#27;[0;39m &amp#27;[33m WARN&amp#27;[0;39m &amp#27;[35m17594&amp#27;[0;39m &amp#27;[2m---&amp#27;[0;39m &amp#27;[2m[s4-final-search_engine-backend] [           main]&amp#27;[0;39m &amp#27;[2m&amp#27;[0;39m&amp#27;[36mo.h.engine.jdbc.spi.SqlExceptionHelper  &amp#27;[0;39m &amp#27;[2m:&amp#27;[0;39m relation "account_keyword" does not exist, skipping
Hibernate: 
    alter table if exists account_keyword 
       drop constraint if exists account_keyword_keyword_fkey
&amp#27;[2m2024-08-11T14:51:25.512-02:30&amp#27;[0;39m &amp#27;[33m WARN&amp#27;[0;39m &amp#27;[35m17594&amp#27;[0;39m &amp#27;[2m---&amp#27;[0;39m &amp#27;[2m[s4-final-search_engine-backend] [           main]&amp#27;[0;39m &amp#27;[2m&amp#27;[0;39m&amp#27;[36mo.h.engine.jdbc.spi.SqlExceptionHelper  &amp#27;[0;39m &amp#27;[2m:&amp#27;[0;39m SQL Warning Code: 0, SQLState: 00000
&amp#27;[2m2024-08-11T14:51:25.512-02:30&amp#27;[0;39m &amp#27;[33m WARN&amp#27;[0;39m &amp#27;[35m17594&amp#27;[0;39m &amp#27;[2m---&amp#27;[0;39m &amp#27;[2m[s4-final-search_engine-backend] [           main]&amp#27;[0;39m &amp#27;[2m&amp#27;[0;39m&amp#27;[36mo.h.engine.jdbc.spi.SqlExceptionHelper  &amp#27;[0;39m &amp#27;[2m:&amp#27;[0;39m relation "account_keyword" does not exist, skipping
Hibernate: 
    drop table if exists account cascade
&amp#27;[2m2024-08-11T14:51:25.512-02:30&amp#27;[0;39m &amp#27;[33m WARN&amp#27;[0;39m &amp#27;[35m17594&amp#27;[0;39m &amp#27;[2m---&amp#27;[0;39m &amp#27;[2m[s4-final-search_engine-backend] [           main]&amp#27;[0;39m &amp#27;[2m&amp#27;[0;39m&amp#27;[36mo.h.engine.jdbc.spi.SqlExceptionHelper  &amp#27;[0;39m &amp#27;[2m:&amp#27;[0;39m SQL Warning Code: 0, SQLState: 00000
&amp#27;[2m2024-08-11T14:51:25.513-02:30&amp#27;[0;39m &amp#27;[33m WARN&amp#27;[0;39m &amp#27;[35m17594&amp#27;[0;39m &amp#27;[2m---&amp#27;[0;39m &amp#27;[2m[s4-final-search_engine-backend] [           main]&amp#27;[0;39m &amp#27;[2m&amp#27;[0;39m&amp#27;[36mo.h.engine.jdbc.spi.SqlExceptionHelper  &amp#27;[0;39m &amp#27;[2m:&amp#27;[0;39m table "account" does not exist, skipping
Hibernate: 
    drop table if exists account_keyword cascade
&amp#27;[2m2024-08-11T14:51:25.513-02:30&amp#27;[0;39m &amp#27;[33m WARN&amp#27;[0;39m &amp#27;[35m17594&amp#27;[0;39m &amp#27;[2m---&amp#27;[0;39m &amp#27;[2m[s4-final-search_engine-backend] [           main]&amp#27;[0;39m &amp#27;[2m&amp#27;[0;39m&amp#27;[36mo.h.engine.jdbc.spi.SqlExceptionHelper  &amp#27;[0;39m &amp#27;[2m:&amp#27;[0;39m SQL Warning Code: 0, SQLState: 00000
&amp#27;[2m2024-08-11T14:51:25.513-02:30&amp#27;[0;39m &amp#27;[33m WARN&amp#27;[0;39m &amp#27;[35m17594&amp#27;[0;39m &amp#27;[2m---&amp#27;[0;39m &amp#27;[2m[s4-final-search_engine-backend] [           main]&amp#27;[0;39m &amp#27;[2m&amp#27;[0;39m&amp#27;[36mo.h.engine.jdbc.spi.SqlExceptionHelper  &amp#27;[0;39m &amp#27;[2m:&amp#27;[0;39m table "account_keyword" does not exist, skipping
Hibernate: 
    drop table if exists event cascade
&amp#27;[2m2024-08-11T14:51:25.513-02:30&amp#27;[0;39m &amp#27;[33m WARN&amp#27;[0;39m &amp#27;[35m17594&amp#27;[0;39m &amp#27;[2m---&amp#27;[0;39m &amp#27;[2m[s4-final-search_engine-backend] [           main]&amp#27;[0;39m &amp#27;[2m&amp#27;[0;39m&amp#27;[36mo.h.engine.jdbc.spi.SqlExceptionHelper  &amp#27;[0;39m &amp#27;[2m:&amp#27;[0;39m SQL Warning Code: 0, SQLState: 00000
&amp#27;[2m2024-08-11T14:51:25.513-02:30&amp#27;[0;39m &amp#27;[33m WARN&amp#27;[0;39m &amp#27;[35m17594&amp#27;[0;39m &amp#27;[2m---&amp#27;[0;39m &amp#27;[2m[s4-final-search_engine-backend] [           main]&amp#27;[0;39m &amp#27;[2m&amp#27;[0;39m&amp#27;[36mo.h.engine.jdbc.spi.SqlExceptionHelper  &amp#27;[0;39m &amp#27;[2m:&amp#27;[0;39m table "event" does not exist, skipping
Hibernate: 
    drop table if exists keyword cascade
&amp#27;[2m2024-08-11T14:51:25.514-02:30&amp#27;[0;39m &amp#27;[33m WARN&amp#27;[0;39m &amp#27;[35m17594&amp#27;[0;39m &amp#27;[2m---&amp#27;[0;39m &amp#27;[2m[s4-final-search_engine-backend] [           main]&amp#27;[0;39m &amp#27;[2m&amp#27;[0;39m&amp#27;[36mo.h.engine.jdbc.spi.SqlExceptionHelper  &amp#27;[0;39m &amp#27;[2m:&amp#27;[0;39m SQL Warning Code: 0, SQLState: 00000
&amp#27;[2m2024-08-11T14:51:25.514-02:30&amp#27;[0;39m &amp#27;[33m WARN&amp#27;[0;39m &amp#27;[35m17594&amp#27;[0;39m &amp#27;[2m---&amp#27;[0;39m &amp#27;[2m[s4-final-search_engine-backend] [           main]&amp#27;[0;39m &amp#27;[2m&amp#27;[0;39m&amp#27;[36mo.h.engine.jdbc.spi.SqlExceptionHelper  &amp#27;[0;39m &amp#27;[2m:&amp#27;[0;39m table "keyword" does not exist, skipping
Hibernate: 
    create table account (
        date_created timestamp(6) not null,
        id bigserial not null,
        name varchar(255) not null unique,
        password varchar(255) not null,
        primary key (id)
    )
Hibernate: 
    create table account_keyword (
        account_id bigserial not null,
        date_time timestamp(6) not null,
        id bigserial not null,
        keyword_id bigserial not null,
        primary key (id)
    )
Hibernate: 
    create table event (
        id bigserial not null,
        name text not null unique,
        primary key (id)
    )
Hibernate: 
    create table keyword (
        id bigserial not null,
        name text not null unique,
        primary key (id)
    )
Hibernate: 
    alter table if exists account_keyword 
       add constraint account_keyword_account_fkey 
       foreign key (account_id) 
       references account
Hibernate: 
    alter table if exists account_keyword 
       add constraint account_keyword_keyword_fkey 
       foreign key (keyword_id) 
       references keyword
&amp#27;[2m2024-08-11T14:51:25.558-02:30&amp#27;[0;39m &amp#27;[32m INFO&amp#27;[0;39m &amp#27;[35m17594&amp#27;[0;39m &amp#27;[2m---&amp#27;[0;39m &amp#27;[2m[s4-final-search_engine-backend] [           main]&amp#27;[0;39m &amp#27;[2m&amp#27;[0;39m&amp#27;[36mj.LocalContainerEntityManagerFactoryBean&amp#27;[0;39m &amp#27;[2m:&amp#27;[0;39m Initialized JPA EntityManagerFactory for persistence unit 'default'
&amp#27;[2m2024-08-11T14:51:25.575-02:30&amp#27;[0;39m &amp#27;[33m WARN&amp#27;[0;39m &amp#27;[35m17594&amp#27;[0;39m &amp#27;[2m---&amp#27;[0;39m &amp#27;[2m[s4-final-search_engine-backend] [           main]&amp#27;[0;39m &amp#27;[2m&amp#27;[0;39m&amp#27;[36mJpaBaseConfiguration$JpaWebConfiguration&amp#27;[0;39m &amp#27;[2m:&amp#27;[0;39m spring.jpa.open-in-view is enabled by default. Therefore, database queries may be performed during view rendering. Explicitly configure spring.jpa.open-in-view to disable this warning
&amp#27;[2m2024-08-11T14:51:25.862-02:30&amp#27;[0;39m &amp#27;[32m INFO&amp#27;[0;39m &amp#27;[35m17594&amp#27;[0;39m &amp#27;[2m---&amp#27;[0;39m &amp#27;[2m[s4-final-search_engine-backend] [           main]&amp#27;[0;39m &amp#27;[2m&amp#27;[0;39m&amp#27;[36mo.s.s.web.DefaultSecurityFilterChain    &amp#27;[0;39m &amp#27;[2m:&amp#27;[0;39m Will secure any request with [org.springframework.security.web.session.DisableEncodeUrlFilter@35975b05, org.springframework.security.web.context.request.async.WebAsyncManagerIntegrationFilter@474deb4c, org.springframework.security.web.context.SecurityContextHolderFilter@7343d843, org.springframework.security.web.header.HeaderWriterFilter@309d54ac, org.springframework.web.filter.CorsFilter@6ba02f70, org.springframework.security.web.authentication.logout.LogoutFilter@6e349258, org.springframework.security.web.authentication.www.BasicAuthenticationFilter@b1f36e5, org.springframework.security.web.savedrequest.RequestCacheAwareFilter@619b7436, org.springframework.security.web.servletapi.SecurityContextHolderAwareRequestFilter@6af0407c, org.springframework.security.web.authentication.AnonymousAuthenticationFilter@2e88ad38, org.springframework.security.web.access.ExceptionTranslationFilter@12c30824, org.springframework.security.web.access.intercept.AuthorizationFilter@16269ff4]
&amp#27;[2m2024-08-11T14:51:25.992-02:30&amp#27;[0;39m &amp#27;[32m INFO&amp#27;[0;39m &amp#27;[35m17594&amp#27;[0;39m &amp#27;[2m---&amp#27;[0;39m &amp#27;[2m[s4-final-search_engine-backend] [           main]&amp#27;[0;39m &amp#27;[2m&amp#27;[0;39m&amp#27;[36mcom.keyin.ApplicationTests              &amp#27;[0;39m &amp#27;[2m:&amp#27;[0;39m Started ApplicationTests in 1.783 seconds (process running for 2.182)
]]></system-out>
    <system-err><![CDATA[WARNING: A Java agent has been loaded dynamically (/Users/anzhelikakuchma/.m2/repository/net/bytebuddy/byte-buddy-agent/1.14.12/byte-buddy-agent-1.14.12.jar)
WARNING: If a serviceability tool is in use, please run with -XX:+EnableDynamicAgentLoading to hide this warning
WARNING: If a serviceability tool is not in use, please run with -Djdk.instrument.traceUsage for more information
WARNING: Dynamic loading of agents will be disallowed by default in a future release
]]></system-err>
  </testcase>
</testsuite>